test/Word_Learner_App/app/build/intermediates/manifest_merge_blame_file/debug/manifest-merger-blame-debug-report.txt
1<?xml version="1.0" encoding="utf-8"?>
2<manifest xmlns:android="http://schemas.android.com/apk/res/android"
3    package="com.flow.assignment1.wordlearnerapp"
4    android:versionCode="1"
5    android:versionName="1.0" >
6
7    <uses-sdk
8        android:minSdkVersion="16"
8-->src\main\AndroidManifest.xml
9        android:targetSdkVersion="29" />
9-->src\main\AndroidManifest.xml
10
11    <!-- Creating an image asset https://www.youtube.com/watch?v=ts98gL1JCQU -->
12    <application
12-->src\main\AndroidManifest.xml:5:5-21:19
13        android:allowBackup="true"
13-->src\main\AndroidManifest.xml:6:9-35
14        android:appComponentFactory="androidx.core.app.CoreComponentFactory"
14-->[androidx.core:core:1.2.0] AndroidManifest.xml:24:18-86
15        android:debuggable="true"
16        android:icon="@mipmap/word_learner"
16-->src\main\AndroidManifest.xml:7:9-44
17        android:label="@string/app_name"
17-->src\main\AndroidManifest.xml:8:9-41
18        android:roundIcon="@mipmap/word_learner_round"
18-->src\main\AndroidManifest.xml:9:9-55
19        android:supportsRtl="true"
19-->src\main\AndroidManifest.xml:10:9-35
20        android:theme="@style/AppTheme" >
20-->src\main\AndroidManifest.xml:11:9-40
21        <activity android:name="com.flow.assignment1.wordlearnerapp.EditActivity" />
21-->src\main\AndroidManifest.xml:12:9-59
21-->src\main\AndroidManifest.xml:12:19-47
22        <activity android:name="com.flow.assignment1.wordlearnerapp.DetailsActivity" />
22-->src\main\AndroidManifest.xml:13:9-53
22-->src\main\AndroidManifest.xml:13:19-50
23        <activity android:name="com.flow.assignment1.wordlearnerapp.ListActivity" >
23-->src\main\AndroidManifest.xml:14:9-20:20
23-->src\main\AndroidManifest.xml:14:19-47
24            <intent-filter>
24-->src\main\AndroidManifest.xml:15:13-19:29
25                <action android:name="android.intent.action.MAIN" />
25-->src\main\AndroidManifest.xml:16:17-69
25-->src\main\AndroidManifest.xml:16:25-66
26
27                <category android:name="android.intent.category.LAUNCHER" />
27-->src\main\AndroidManifest.xml:18:17-77
27-->src\main\AndroidManifest.xml:18:27-74
28            </intent-filter>
29        </activity>
30    </application>
31
32</manifest>